The system is: Windows - 10.0.17134 - AMD64
Compiling the C compiler identification source file "CMakeCCompilerId.c" succeeded.
Compiler: C:/Program Files (x86)/Microsoft Visual Studio 12.0/VC/bin/cl.exe 
Build flags: 
Id flags:  

The output was:
0
Microsoft (R) C/C++ Optimizing Compiler Version 18.00.40629 for x86
Copyright (C) Microsoft Corporation.  All rights reserved.

CMakeCCompilerId.c
Microsoft (R) Incremental Linker Version 12.00.40629.0
Copyright (C) Microsoft Corporation.  All rights reserved.

/out:CMakeCCompilerId.exe 
CMakeCCompilerId.obj 


Compilation of the C compiler identification source "CMakeCCompilerId.c" produced "CMakeCCompilerId.exe"

Compilation of the C compiler identification source "CMakeCCompilerId.c" produced "CMakeCCompilerId.obj"

The C compiler identification is MSVC, found in "C:/Users/lechi/CLionProjects/welcome_c/cmake-build-debug/CMakeFiles/3.12.2/CompilerIdC/CMakeCCompilerId.exe"

Determining if the C compiler works passed with the following output:
Change Dir: C:/Users/lechi/CLionProjects/welcome_c/cmake-build-debug/CMakeFiles/CMakeTmp

Run Build Command:"nmake" "/nologo" "cmTC_1b0ce\fast"
	"C:\Program Files (x86)\Microsoft Visual Studio 12.0\VC\BIN\nmake.exe" -f CMakeFiles\cmTC_1b0ce.dir\build.make /nologo -L                  CMakeFiles\cmTC_1b0ce.dir\build
Building C object CMakeFiles/cmTC_1b0ce.dir/testCCompiler.c.obj
	C:\PROGRA~2\MICROS~1.0\VC\bin\cl.exe @C:\Users\lechi\AppData\Local\Temp\nm20CC.tmp
testCCompiler.c
Linking C executable cmTC_1b0ce.exe
	"C:\Program Files\JetBrains\CLion 2018.2.4\bin\cmake\win\bin\cmake.exe" -E vs_link_exe --intdir=CMakeFiles\cmTC_1b0ce.dir --manifests  -- C:\PROGRA~2\MICROS~1.0\VC\bin\link.exe /nologo @CMakeFiles\cmTC_1b0ce.dir\objects1.rsp @C:\Users\lechi\AppData\Local\Temp\nm2189.tmp


Detecting C compiler ABI info compiled with the following output:
Change Dir: C:/Users/lechi/CLionProjects/welcome_c/cmake-build-debug/CMakeFiles/CMakeTmp

Run Build Command:"nmake" "/nologo" "cmTC_aa21a\fast"
	"C:\Program Files (x86)\Microsoft Visual Studio 12.0\VC\BIN\nmake.exe" -f CMakeFiles\cmTC_aa21a.dir\build.make /nologo -L                  CMakeFiles\cmTC_aa21a.dir\build
Building C object CMakeFiles/cmTC_aa21a.dir/CMakeCCompilerABI.c.obj
	C:\PROGRA~2\MICROS~1.0\VC\bin\cl.exe @C:\Users\lechi\AppData\Local\Temp\nm258F.tmp
CMakeCCompilerABI.c
Linking C executable cmTC_aa21a.exe
	"C:\Program Files\JetBrains\CLion 2018.2.4\bin\cmake\win\bin\cmake.exe" -E vs_link_exe --intdir=CMakeFiles\cmTC_aa21a.dir --manifests  -- C:\PROGRA~2\MICROS~1.0\VC\bin\link.exe /nologo @CMakeFiles\cmTC_aa21a.dir\objects1.rsp @C:\Users\lechi\AppData\Local\Temp\nm265B.tmp




Detecting C [] compiler features compiled with the following output:
Change Dir: C:/Users/lechi/CLionProjects/welcome_c/cmake-build-debug/CMakeFiles/CMakeTmp

Run Build Command:"nmake" "/nologo" "cmTC_95126\fast"
	"C:\Program Files (x86)\Microsoft Visual Studio 12.0\VC\BIN\nmake.exe" -f CMakeFiles\cmTC_95126.dir\build.make /nologo -L                  CMakeFiles\cmTC_95126.dir\build
Building C object CMakeFiles/cmTC_95126.dir/feature_tests.c.obj
	C:\PROGRA~2\MICROS~1.0\VC\bin\cl.exe @C:\Users\lechi\AppData\Local\Temp\nm2B8A.tmp
feature_tests.c
Linking C executable cmTC_95126.exe
	"C:\Program Files\JetBrains\CLion 2018.2.4\bin\cmake\win\bin\cmake.exe" -E vs_link_exe --intdir=CMakeFiles\cmTC_95126.dir --manifests  -- C:\PROGRA~2\MICROS~1.0\VC\bin\link.exe /nologo @CMakeFiles\cmTC_95126.dir\objects1.rsp @C:\Users\lechi\AppData\Local\Temp\nm2D6F.tmp


    Feature record: C_FEATURE:1c_function_prototypes
    Feature record: C_FEATURE:1c_variadic_macros
